[academia.engaja.tech/formacao-copywriter/metodo-pmrc-cd.html]
[backblue.gif]
[fade.gif]
[index.html]
[uploads-ssl.webflow.com/5f47ea0bd7e9cbf7a81dea4d/css/guia-seo-engaja.webflow.7e8253d9d.css]
[ajax.googleapis.com/ajax/libs/webfont/1.6.26/webfont.js]
[uploads-ssl.webflow.com/5f47ea0bd7e9cbf7a81dea4d/5f4a51735695f5241b0dc681_Academia Engajatech-FAVICON.png]
[uploads-ssl.webflow.com/5f47ea0bd7e9cbf7a81dea4d/5f4a5187955904213241250d_Academia Engajatech (2).png]
[connect.facebook.net/en_US/fbevents.js]
[d335luupugsy2.cloudfront.net/js/loader-scripts/acc8572f-d427-4fa4-80c6-ac5f707b15ae-loader.js]
[tag.ltrck.com.br/lt12165.js]
[uploads-ssl.webflow.com/5f47ea0bd7e9cbf7a81dea4d/60be4ea456006865a046e669_pagamento.png]
[uploads-ssl.webflow.com/5f47ea0bd7e9cbf7a81dea4d/603e82ae715bebbc41ccbd31_EngajaTech - Logo.png]
[academia.engaja.tech/formacao-copywriter/metodo-pmrc-cd.html]
[uploads-ssl.webflow.com/5f47ea0bd7e9cbf7a81dea4d/js/webflow.b39195a55.js]
[d3e54v103j8qbb.cloudfront.net/js/jquery-3.5.1.min.dc5e7f18c8749a.js]
[uploads-ssl.webflow.com/5f47ea0bd7e9cbf7a81dea4d/60ee2dc658787dd600990252_Imagem Fundo Curso Copy.png]
[uploads-ssl.webflow.com/5f47ea0bd7e9cbf7a81dea4d/6196672f93f2df1ab1b21bdc_peter-gombos-8y3e2M6APy4-unsplash.jpg]
[uploads-ssl.webflow.com/5f47ea0bd7e9cbf7a81dea4d/6196748964fa1247320d8416_brooke-cagle-JBwcenOuRCg-unsplash.jpg]
[uploads-ssl.webflow.com/5f47ea0bd7e9cbf7a81dea4d/61967446d4ec5c6af477d24f_brooke-cagle-ZCSc8hoZrtw-unsplash.jpg]
[uploads-ssl.webflow.com/5f47ea0bd7e9cbf7a81dea4d/619658650c06a508651ac63b_Photo-6.jpg]
[uploads-ssl.webflow.com/5f47ea0bd7e9cbf7a81dea4d/css/guia-seo-engaja.webflow.7e8253d9d.css]
[connect.facebook.net/en_US/fbevents.js]
[www.googletagmanager.com/gtm5445.html]
[launcher.hotmart.com/launcher.js]
[academia.engaja.tech/formacao-copywriter/c]
[academia.engaja.tech/formacao-copywriter/b]
[academia.engaja.tech/formacao-copywriter/POST]
